0 info it worked if it ends with ok
1 verbose cli [ '/usr/local/bin/node',
1 verbose cli   '/usr/local/bin/npm',
1 verbose cli   'run',
1 verbose cli   'start-server' ]
2 info using npm@2.14.7
3 info using node@v4.2.1
4 verbose run-script [ 'prestart-server', 'start-server', 'poststart-server' ]
5 info prestart-server unit-11-authentication@1.0.0
6 info start-server unit-11-authentication@1.0.0
7 verbose unsafe-perm in lifecycle true
8 info unit-11-authentication@1.0.0 Failed to exec start-server script
9 verbose stack Error: unit-11-authentication@1.0.0 start-server: `sudo mongod --fork --logpath /dev/null`
9 verbose stack Exit status 100
9 verbose stack     at EventEmitter.<anonymous> (/usr/local/lib/node_modules/npm/lib/utils/lifecycle.js:214:16)
9 verbose stack     at emitTwo (events.js:87:13)
9 verbose stack     at EventEmitter.emit (events.js:172:7)
9 verbose stack     at ChildProcess.<anonymous> (/usr/local/lib/node_modules/npm/lib/utils/spawn.js:24:14)
9 verbose stack     at emitTwo (events.js:87:13)
9 verbose stack     at ChildProcess.emit (events.js:172:7)
9 verbose stack     at maybeClose (internal/child_process.js:818:16)
9 verbose stack     at Process.ChildProcess._handle.onexit (internal/child_process.js:211:5)
10 verbose pkgid unit-11-authentication@1.0.0
11 verbose cwd /Users/Zai/Desktop/codesmith/cs-curriculum/curriculum/unit-11-authentication
12 error Darwin 15.0.0
13 error argv "/usr/local/bin/node" "/usr/local/bin/npm" "run" "start-server"
14 error node v4.2.1
15 error npm  v2.14.7
16 error code ELIFECYCLE
17 error unit-11-authentication@1.0.0 start-server: `sudo mongod --fork --logpath /dev/null`
17 error Exit status 100
18 error Failed at the unit-11-authentication@1.0.0 start-server script 'sudo mongod --fork --logpath /dev/null'.
18 error This is most likely a problem with the unit-11-authentication package,
18 error not with npm itself.
18 error Tell the author that this fails on your system:
18 error     sudo mongod --fork --logpath /dev/null
18 error You can get their info via:
18 error     npm owner ls unit-11-authentication
18 error There is likely additional logging output above.
19 verbose exit [ 1, true ]
